<?xml version="1.0" encoding="UTF-8"?>
<!-- Generated by org.testng.reporters.JUnitXMLReporter -->
<testsuite hostname="pcpcpcpcpc" ignored="11" tests="2" failures="0" timestamp="2022-03-16T21:09:06 EET" time="18.711" errors="0">
  <testcase name="T01_Register" time="5.046" classname="MainSite"/>
  <testcase name="T02_Login" time="4.362" classname="MainSite"/>
  <testcase name="T10_CreateSucessfulOrder" time="0.0" classname="MainSite">
    <ignored/>
  </testcase> <!-- T10_CreateSucessfulOrder -->
  <testcase name="T08_AddToWishList" time="0.0" classname="MainSite">
    <ignored/>
  </testcase> <!-- T08_AddToWishList -->
  <testcase name="T05_GetSubCategory" time="0.0" classname="MainSite">
    <ignored/>
  </testcase> <!-- T05_GetSubCategory -->
  <testcase name="T07_AddToCart" time="0.0" classname="MainSite">
    <ignored/>
  </testcase> <!-- T07_AddToCart -->
  <testcase name="T12_RecoverPassowrd" time="0.0" classname="MainSite">
    <ignored/>
  </testcase> <!-- T12_RecoverPassowrd -->
  <testcase name="T11_SearchItems" time="0.0" classname="MainSite">
    <ignored/>
  </testcase> <!-- T11_SearchItems -->
  <testcase name="T09_AddToCompareList" time="0.0" classname="MainSite">
    <ignored/>
  </testcase> <!-- T09_AddToCompareList -->
  <testcase name="T06_FilterByColor" time="0.0" classname="MainSite">
    <ignored/>
  </testcase> <!-- T06_FilterByColor -->
  <testcase name="T04_User_Choose_Differnt_category" time="0.0" classname="MainSite">
    <ignored/>
  </testcase> <!-- T04_User_Choose_Differnt_category -->
  <testcase name="T13_CheckDifferentTags" time="0.0" classname="MainSite">
    <ignored/>
  </testcase> <!-- T13_CheckDifferentTags -->
  <testcase name="T03_SwitchBetweenCurrencies" time="0.0" classname="MainSite">
    <ignored/>
  </testcase> <!-- T03_SwitchBetweenCurrencies -->
</testsuite>
